2025-06-27 13:32:19,354 - carleman_experiments - INFO - Running experiment: Linear System, k=0
2025-06-27 13:32:19,729 - carleman_experiments - ERROR - Experiment failed: Linear System, k=0, error: matmul: Input operand 1 has a mismatch in its core dimension 0, with gufunc signature (n?,k),(k,m?)->(n?,m?) (size 2 is different from 0)
2025-06-27 13:32:19,730 - carleman_experiments - INFO - Running experiment: Linear System, k=1
2025-06-27 13:32:20,302 - carleman_experiments - INFO - Completed: Linear System, k=1, final_error=0.00e+00, time=0.57s
2025-06-27 13:32:21,227 - carleman_experiments - INFO - Saved plot: results/linear_system/Linear_System_analysis.png
2025-06-27 13:34:53,940 - carleman_experiments - INFO - Running experiment: Linear System, k=0
2025-06-27 13:34:54,310 - carleman_experiments - ERROR - Experiment failed: Linear System, k=0, error: matmul: Input operand 1 has a mismatch in its core dimension 0, with gufunc signature (n?,k),(k,m?)->(n?,m?) (size 2 is different from 0)
2025-06-27 13:34:54,311 - carleman_experiments - INFO - Running experiment: Linear System, k=1
2025-06-27 13:34:54,854 - carleman_experiments - INFO - Completed: Linear System, k=1, final_error=0.00e+00, time=0.54s
2025-06-27 13:34:55,736 - carleman_experiments - INFO - Saved plot: results/linear_system/Linear_System_analysis.png
2025-06-27 13:42:00,673 - carleman_experiments - INFO - Running experiment: Linear System, k=0
2025-06-27 13:42:01,046 - carleman_experiments - ERROR - Experiment failed: Linear System, k=0, error: matmul: Input operand 1 has a mismatch in its core dimension 0, with gufunc signature (n?,k),(k,m?)->(n?,m?) (size 2 is different from 0)
2025-06-27 13:42:01,046 - carleman_experiments - INFO - Running experiment: Linear System, k=1
2025-06-27 13:42:01,593 - carleman_experiments - INFO - Completed: Linear System, k=1, final_error=0.00e+00, time=0.55s
2025-06-27 13:42:02,473 - carleman_experiments - INFO - Saved plot: results/linear_system/Linear_System_analysis.png
2025-06-27 13:51:25,658 - carleman_experiments - INFO - Running experiment: Linear System, k=0
2025-06-27 13:51:25,920 - carleman_experiments - ERROR - Experiment failed: Linear System, k=0, error: matmul: Input operand 1 has a mismatch in its core dimension 0, with gufunc signature (n?,k),(k,m?)->(n?,m?) (size 2 is different from 0)
2025-06-27 13:51:25,921 - carleman_experiments - INFO - Running experiment: Linear System, k=1
2025-06-27 13:51:26,309 - carleman_experiments - INFO - Completed: Linear System, k=1, final_error=0.00e+00, time=0.39s
2025-06-27 13:51:27,212 - carleman_experiments - INFO - Saved plot: results/linear_system/Linear_System_analysis.png
2025-06-27 14:15:35,179 - carleman_experiments - INFO - Running experiment: Linear System, k=0
2025-06-27 14:15:35,480 - carleman_experiments - ERROR - Experiment failed: Linear System, k=0, error: matmul: Input operand 1 has a mismatch in its core dimension 0, with gufunc signature (n?,k),(k,m?)->(n?,m?) (size 2 is different from 0)
2025-06-27 14:15:35,480 - carleman_experiments - INFO - Running experiment: Linear System, k=1
2025-06-27 14:15:35,876 - carleman_experiments - INFO - Completed: Linear System, k=1, final_error=0.00e+00, time=0.40s
2025-06-27 14:15:36,846 - carleman_experiments - INFO - Saved plot: results/linear_system/Linear_System_analysis.png
2025-06-27 14:40:29,304 - carleman_experiments - INFO - Running experiment: Linear System, k=0
2025-06-27 14:40:29,564 - carleman_experiments - ERROR - Experiment failed: Linear System, k=0, error: matmul: Input operand 1 has a mismatch in its core dimension 0, with gufunc signature (n?,k),(k,m?)->(n?,m?) (size 2 is different from 0)
2025-06-27 14:40:29,565 - carleman_experiments - INFO - Running experiment: Linear System, k=1
2025-06-27 14:40:29,955 - carleman_experiments - INFO - Completed: Linear System, k=1, final_error=0.00e+00, time=0.39s
2025-06-27 14:40:30,889 - carleman_experiments - INFO - Saved plot: results/linear_system/Linear_System_analysis.png
2025-06-27 14:41:25,419 - carleman_experiments - INFO - Running experiment: Linear System, k=0
2025-06-27 14:41:25,687 - carleman_experiments - ERROR - Experiment failed: Linear System, k=0, error: matmul: Input operand 1 has a mismatch in its core dimension 0, with gufunc signature (n?,k),(k,m?)->(n?,m?) (size 2 is different from 0)
2025-06-27 14:41:25,688 - carleman_experiments - INFO - Running experiment: Linear System, k=1
2025-06-27 14:41:26,087 - carleman_experiments - INFO - Completed: Linear System, k=1, final_error=0.00e+00, time=0.40s
2025-06-27 14:41:26,968 - carleman_experiments - INFO - Saved plot: results/linear_system/Linear_System_analysis.png
2025-06-27 14:42:48,133 - carleman_experiments - INFO - Running experiment: Linear System, k=0
2025-06-27 14:42:48,401 - carleman_experiments - ERROR - Experiment failed: Linear System, k=0, error: matmul: Input operand 1 has a mismatch in its core dimension 0, with gufunc signature (n?,k),(k,m?)->(n?,m?) (size 2 is different from 0)
2025-06-27 14:42:48,401 - carleman_experiments - INFO - Running experiment: Linear System, k=1
2025-06-27 14:42:48,795 - carleman_experiments - INFO - Completed: Linear System, k=1, final_error=0.00e+00, time=0.39s
2025-06-27 14:42:48,796 - carleman_experiments - INFO - Running experiment: Linear System, k=2
2025-06-27 14:42:49,407 - carleman_experiments - INFO - Completed: Linear System, k=2, final_error=4.26e-13, time=0.61s
2025-06-27 14:42:49,407 - carleman_experiments - INFO - Running experiment: Linear System, k=3
2025-06-27 14:42:50,168 - carleman_experiments - INFO - Completed: Linear System, k=3, final_error=4.31e-13, time=0.76s
2025-06-27 14:42:51,159 - carleman_experiments - INFO - Saved plot: results/linear_system/Linear_System_analysis.png
2025-06-27 15:04:57,103 - carleman_experiments - INFO - Running experiment: Linear System, k=0
2025-06-27 15:04:57,366 - carleman_experiments - ERROR - Experiment failed: Linear System, k=0, error: matmul: Input operand 1 has a mismatch in its core dimension 0, with gufunc signature (n?,k),(k,m?)->(n?,m?) (size 2 is different from 0)
2025-06-27 15:04:57,366 - carleman_experiments - INFO - Running experiment: Linear System, k=1
2025-06-27 15:04:57,756 - carleman_experiments - INFO - Completed: Linear System, k=1, final_error=0.00e+00, time=0.39s
2025-06-27 15:04:57,756 - carleman_experiments - INFO - Running experiment: Linear System, k=2
2025-06-27 15:04:58,366 - carleman_experiments - INFO - Completed: Linear System, k=2, final_error=4.26e-13, time=0.61s
2025-06-27 15:04:58,366 - carleman_experiments - INFO - Running experiment: Linear System, k=3
2025-06-27 15:04:59,123 - carleman_experiments - INFO - Completed: Linear System, k=3, final_error=4.31e-13, time=0.76s
2025-06-27 15:05:00,117 - carleman_experiments - INFO - Saved plot: results/linear_system/Linear_System_analysis.png
2025-06-27 15:07:16,789 - carleman_experiments - INFO - Running experiment: Linear System, k=0
2025-06-27 15:07:17,062 - carleman_experiments - ERROR - Experiment failed: Linear System, k=0, error: matmul: Input operand 1 has a mismatch in its core dimension 0, with gufunc signature (n?,k),(k,m?)->(n?,m?) (size 2 is different from 0)
2025-06-27 15:07:17,062 - carleman_experiments - INFO - Running experiment: Linear System, k=1
2025-06-27 15:07:17,465 - carleman_experiments - INFO - Completed: Linear System, k=1, final_error=0.00e+00, time=0.40s
2025-06-27 15:07:17,465 - carleman_experiments - INFO - Running experiment: Linear System, k=2
2025-06-27 15:07:18,089 - carleman_experiments - INFO - Completed: Linear System, k=2, final_error=4.26e-13, time=0.62s
2025-06-27 15:07:18,089 - carleman_experiments - INFO - Running experiment: Linear System, k=3
2025-06-27 15:07:18,869 - carleman_experiments - INFO - Completed: Linear System, k=3, final_error=4.31e-13, time=0.78s
2025-06-27 15:07:19,894 - carleman_experiments - INFO - Saved plot: results/linear_system/Linear_System_analysis.png
2025-06-27 15:08:18,597 - carleman_experiments - INFO - Running experiment: Linear System, k=0
2025-06-27 15:08:18,869 - carleman_experiments - ERROR - Experiment failed: Linear System, k=0, error: matmul: Input operand 1 has a mismatch in its core dimension 0, with gufunc signature (n?,k),(k,m?)->(n?,m?) (size 2 is different from 0)
2025-06-27 15:08:18,869 - carleman_experiments - INFO - Running experiment: Linear System, k=1
2025-06-27 15:08:19,277 - carleman_experiments - INFO - Completed: Linear System, k=1, final_error=0.00e+00, time=0.41s
2025-06-27 15:08:19,277 - carleman_experiments - INFO - Running experiment: Linear System, k=2
2025-06-27 15:08:19,906 - carleman_experiments - INFO - Completed: Linear System, k=2, final_error=4.26e-13, time=0.63s
2025-06-27 15:08:19,906 - carleman_experiments - INFO - Running experiment: Linear System, k=3
2025-06-27 15:08:20,698 - carleman_experiments - INFO - Completed: Linear System, k=3, final_error=4.31e-13, time=0.79s
2025-06-27 15:08:21,710 - carleman_experiments - INFO - Saved plot: results/linear_system/Linear_System_analysis.png
2025-06-27 16:26:42,607 - carleman_experiments - INFO - Running experiment: Linear System, k=0
2025-06-27 16:26:42,877 - carleman_experiments - ERROR - Experiment failed: Linear System, k=0, error: matmul: Input operand 1 has a mismatch in its core dimension 0, with gufunc signature (n?,k),(k,m?)->(n?,m?) (size 2 is different from 0)
2025-06-27 16:26:42,877 - carleman_experiments - INFO - Running experiment: Linear System, k=1
2025-06-27 16:26:43,275 - carleman_experiments - INFO - Completed: Linear System, k=1, final_error=0.00e+00, time=0.40s
2025-06-27 16:26:43,275 - carleman_experiments - INFO - Running experiment: Linear System, k=2
2025-06-27 16:26:43,889 - carleman_experiments - INFO - Completed: Linear System, k=2, final_error=4.26e-13, time=0.61s
2025-06-27 16:26:43,889 - carleman_experiments - INFO - Running experiment: Linear System, k=3
2025-06-27 16:26:44,657 - carleman_experiments - INFO - Completed: Linear System, k=3, final_error=4.31e-13, time=0.77s
2025-06-27 16:26:45,713 - carleman_experiments - INFO - Saved plot: results/linear_system/Linear_System_analysis.png
2025-06-27 16:29:49,031 - carleman_experiments - INFO - Running experiment: Linear System, k=0
2025-06-27 16:29:49,294 - carleman_experiments - ERROR - Experiment failed: Linear System, k=0, error: matmul: Input operand 1 has a mismatch in its core dimension 0, with gufunc signature (n?,k),(k,m?)->(n?,m?) (size 2 is different from 0)
2025-06-27 16:29:49,295 - carleman_experiments - INFO - Running experiment: Linear System, k=1
2025-06-27 16:29:49,684 - carleman_experiments - INFO - Completed: Linear System, k=1, final_error=0.00e+00, time=0.39s
2025-06-27 16:29:49,684 - carleman_experiments - INFO - Running experiment: Linear System, k=2
2025-06-27 16:29:50,290 - carleman_experiments - INFO - Completed: Linear System, k=2, final_error=4.26e-13, time=0.61s
2025-06-27 16:29:50,291 - carleman_experiments - INFO - Running experiment: Linear System, k=3
2025-06-27 16:29:51,044 - carleman_experiments - INFO - Completed: Linear System, k=3, final_error=4.31e-13, time=0.75s
2025-06-27 16:29:52,067 - carleman_experiments - INFO - Saved plot: results/linear_system/Linear_System_analysis.png
2025-06-27 17:31:16,065 - carleman_experiments - INFO - Running experiment: Linear System, k=0
2025-06-27 17:31:16,334 - carleman_experiments - ERROR - Experiment failed: Linear System, k=0, error: matmul: Input operand 1 has a mismatch in its core dimension 0, with gufunc signature (n?,k),(k,m?)->(n?,m?) (size 2 is different from 0)
2025-06-27 17:31:16,334 - carleman_experiments - INFO - Running experiment: Linear System, k=1
2025-06-27 17:31:16,734 - carleman_experiments - INFO - Completed: Linear System, k=1, final_error=0.00e+00, time=0.40s
2025-06-27 17:31:16,734 - carleman_experiments - INFO - Running experiment: Linear System, k=2
2025-06-27 17:31:17,352 - carleman_experiments - INFO - Completed: Linear System, k=2, final_error=4.26e-13, time=0.62s
2025-06-27 17:31:17,352 - carleman_experiments - INFO - Running experiment: Linear System, k=3
2025-06-27 17:31:18,122 - carleman_experiments - INFO - Completed: Linear System, k=3, final_error=4.31e-13, time=0.77s
2025-06-27 17:31:19,087 - carleman_experiments - INFO - Saved plot: results/linear_system/Linear_System_analysis.png
